<?xml version="1.0" encoding="UTF-8"?>
<testng-results ignored="0" total="1" passed="1" failed="0" skipped="0">
  <reporter-output>
  </reporter-output>
  <suite started-at="2024-03-18T00:34:12 EET" name="Default Suite" finished-at="2024-03-18T00:34:12 EET" duration-ms="42">
    <groups>
    </groups>
    <test started-at="2024-03-18T00:34:12 EET" name="Orange1" finished-at="2024-03-18T00:34:12 EET" duration-ms="42">
      <class name="TestCase">
        <test-method signature="test()[pri:1, instance:TestCase@657c8ad9]" started-at="2024-03-18T00:34:12 EET" name="test" finished-at="2024-03-18T00:34:12 EET" duration-ms="5" status="PASS">
          <reporter-output>
          </reporter-output>
        </test-method> <!-- test -->
      </class> <!-- TestCase -->
    </test> <!-- Orange1 -->
  </suite> <!-- Default Suite -->
</testng-results>
